Flow report for MD
Tue Feb 07 21:57:29 2017
Quartus II Version 10.1 Build 153 11/29/2010 SJ Web Edition


---------------------
; Table of Contents ;
---------------------
  1. Legal Notice
  2. Flow Summary
  3. Flow Settings
  4. Flow Non-Default Global Settings
  5. Flow Elapsed Time
  6. Flow OS Summary
  7. Flow Log



----------------
; Legal Notice ;
----------------
Copyright (C) 1991-2010 Altera Corporation
Your use of Altera Corporation's design tools, logic functions 
and other software and tools, and its AMPP partner logic 
functions, and any output files from any of the foregoing 
(including device programming or simulation files), and any 
associated documentation or information are expressly subject 
to the terms and conditions of the Altera Program License 
Subscription Agreement, Altera MegaCore Function License 
Agreement, or other applicable license agreement, including, 
without limitation, that your use is for the sole purpose of 
programming logic devices manufactured by Altera and sold by 
Altera or its authorized distributors.  Please refer to the 
applicable agreement for further details.



+-------------------------------------------------------------------------------+
; Flow Summary                                                                  ;
+------------------------------------+------------------------------------------+
; Flow Status                        ; Successful - Tue Feb 07 21:57:29 2017    ;
; Quartus II Version                 ; 10.1 Build 153 11/29/2010 SJ Web Edition ;
; Revision Name                      ; MD                                       ;
; Top-level Entity Name              ; MD                                       ;
; Family                             ; Cyclone II                               ;
; Device                             ; EP2C70F896C6                             ;
; Timing Models                      ; Final                                    ;
; Total logic elements               ; 0 / 68,416 ( 0 % )                       ;
;     Total combinational functions  ; 0 / 68,416 ( 0 % )                       ;
;     Dedicated logic registers      ; 0 / 68,416 ( 0 % )                       ;
; Total registers                    ; 0                                        ;
; Total pins                         ; 74 / 622 ( 12 % )                        ;
; Total virtual pins                 ; 0                                        ;
; Total memory bits                  ; 8,192 / 1,152,000 ( < 1 % )              ;
; Embedded Multiplier 9-bit elements ; 0 / 300 ( 0 % )                          ;
; Total PLLs                         ; 0 / 4 ( 0 % )                            ;
+------------------------------------+------------------------------------------+


+-----------------------------------------+
; Flow Settings                           ;
+-------------------+---------------------+
; Option            ; Setting             ;
+-------------------+---------------------+
; Start date & time ; 02/07/2017 21:56:56 ;
; Main task         ; Compilation         ;
; Revision Name     ; MD                  ;
+-------------------+---------------------+


+----------------------------------------------------------------------------------------------------------------------+
; Flow Non-Default Global Settings                                                                                     ;
+--------------------------------------+--------------------------------+---------------+-------------+----------------+
; Assignment Name                      ; Value                          ; Default Value ; Entity Name ; Section Id     ;
+--------------------------------------+--------------------------------+---------------+-------------+----------------+
; COMPILER_SIGNATURE_ID                ; 35719353701704.148651181604588 ; --            ; --          ; --             ;
; EDA_DESIGN_INSTANCE_NAME             ; i1                             ; --            ; --          ; MD_tb          ;
; EDA_NATIVELINK_SIMULATION_TEST_BENCH ; MD_tb                          ; --            ; --          ; eda_simulation ;
; EDA_OUTPUT_DATA_FORMAT               ; Vhdl                           ; --            ; --          ; eda_simulation ;
; EDA_SIMULATION_TOOL                  ; ModelSim-Altera (VHDL)         ; <None>        ; --          ; --             ;
; EDA_TEST_BENCH_ENABLE_STATUS         ; TEST_BENCH_MODE                ; --            ; --          ; eda_simulation ;
; EDA_TEST_BENCH_FILE                  ; MD_tb.vhd                      ; --            ; --          ; MD_tb          ;
; EDA_TEST_BENCH_MODULE_NAME           ; MD_tb                          ; --            ; --          ; MD_tb          ;
; EDA_TEST_BENCH_NAME                  ; MD_tb                          ; --            ; --          ; eda_simulation ;
; EDA_TEST_BENCH_RUN_SIM_FOR           ; 50 ps                          ; --            ; --          ; MD_tb          ;
; IP_TOOL_NAME                         ; RAM: 1-PORT                    ; --            ; --          ; --             ;
; IP_TOOL_VERSION                      ; 10.1                           ; --            ; --          ; --             ;
; MAX_CORE_JUNCTION_TEMP               ; 85                             ; --            ; --          ; --             ;
; MIN_CORE_JUNCTION_TEMP               ; 0                              ; --            ; --          ; --             ;
; MISC_FILE                            ; MD.bsf                         ; --            ; --          ; --             ;
; MISC_FILE                            ; MD_inst.vhd                    ; --            ; --          ; --             ;
; MISC_FILE                            ; MD.inc                         ; --            ; --          ; --             ;
; MISC_FILE                            ; MD.cmp                         ; --            ; --          ; --             ;
; PARTITION_COLOR                      ; 16764057                       ; --            ; --          ; Top            ;
; PARTITION_FITTER_PRESERVATION_LEVEL  ; PLACEMENT_AND_ROUTING          ; --            ; --          ; Top            ;
; PARTITION_NETLIST_TYPE               ; SOURCE                         ; --            ; --          ; Top            ;
+--------------------------------------+--------------------------------+---------------+-------------+----------------+


+-------------------------------------------------------------------------------------------------------------------------------+
; Flow Elapsed Time                                                                                                             ;
+---------------------------+--------------+-------------------------+---------------------+------------------------------------+
; Module Name               ; Elapsed Time ; Average Processors Used ; Peak Virtual Memory ; Total CPU Time (on all processors) ;
+---------------------------+--------------+-------------------------+---------------------+------------------------------------+
; Analysis & Synthesis      ; 00:00:02     ; 1.0                     ; 289 MB              ; 00:00:02                           ;
; Fitter                    ; 00:00:16     ; 1.0                     ; 413 MB              ; 00:00:15                           ;
; TimeQuest Timing Analyzer ; 00:00:04     ; 1.0                     ; 280 MB              ; 00:00:03                           ;
; Assembler                 ; 00:00:10     ; 1.0                     ; 363 MB              ; 00:00:10                           ;
; EDA Netlist Writer        ; 00:00:01     ; 1.0                     ; 210 MB              ; 00:00:01                           ;
; Total                     ; 00:00:33     ; --                      ; --                  ; 00:00:31                           ;
+---------------------------+--------------+-------------------------+---------------------+------------------------------------+


+----------------------------------------------------------------------------------------+
; Flow OS Summary                                                                        ;
+---------------------------+------------------+-----------+------------+----------------+
; Module Name               ; Machine Hostname ; OS Name   ; OS Version ; Processor type ;
+---------------------------+------------------+-----------+------------+----------------+
; Analysis & Synthesis      ; MyPC-PC          ; Windows 7 ; 6.1        ; x86_64         ;
; Fitter                    ; MyPC-PC          ; Windows 7 ; 6.1        ; x86_64         ;
; TimeQuest Timing Analyzer ; MyPC-PC          ; Windows 7 ; 6.1        ; x86_64         ;
; Assembler                 ; MyPC-PC          ; Windows 7 ; 6.1        ; x86_64         ;
; EDA Netlist Writer        ; MyPC-PC          ; Windows 7 ; 6.1        ; x86_64         ;
+---------------------------+------------------+-----------+------------+----------------+


------------
; Flow Log ;
------------
quartus_map --read_settings_files=on --write_settings_files=off MD -c MD
quartus_fit --read_settings_files=off --write_settings_files=off MD -c MD
quartus_sta MD -c MD
quartus_asm --read_settings_files=off --write_settings_files=off MD -c MD
quartus_eda --read_settings_files=off --write_settings_files=off MD -c MD



