Flow report for Uniciclo
Thu Jul 06 07:20:23 2017
Quartus II Version 10.1 Build 153 11/29/2010 SJ Web Edition


---------------------
; Table of Contents ;
---------------------
  1. Legal Notice
  2. Flow Summary
  3. Flow Settings
  4. Flow Non-Default Global Settings
  5. Flow Elapsed Time
  6. Flow OS Summary
  7. Flow Log



----------------
; Legal Notice ;
----------------
Copyright (C) 1991-2010 Altera Corporation
Your use of Altera Corporation's design tools, logic functions 
and other software and tools, and its AMPP partner logic 
functions, and any output files from any of the foregoing 
(including device programming or simulation files), and any 
associated documentation or information are expressly subject 
to the terms and conditions of the Altera Program License 
Subscription Agreement, Altera MegaCore Function License 
Agreement, or other applicable license agreement, including, 
without limitation, that your use is for the sole purpose of 
programming logic devices manufactured by Altera and sold by 
Altera or its authorized distributors.  Please refer to the 
applicable agreement for further details.



+-------------------------------------------------------------------------------+
; Flow Summary                                                                  ;
+------------------------------------+------------------------------------------+
; Flow Status                        ; Successful - Thu Jul 06 07:20:23 2017    ;
; Quartus II Version                 ; 10.1 Build 153 11/29/2010 SJ Web Edition ;
; Revision Name                      ; Uniciclo                                 ;
; Top-level Entity Name              ; Uniciclo                                 ;
; Family                             ; Cyclone II                               ;
; Device                             ; EP2C70F896C6                             ;
; Timing Models                      ; Final                                    ;
; Total logic elements               ; 2,398 / 68,416 ( 4 % )                   ;
;     Total combinational functions  ; 2,398 / 68,416 ( 4 % )                   ;
;     Dedicated logic registers      ; 1,056 / 68,416 ( 2 % )                   ;
; Total registers                    ; 1056                                     ;
; Total pins                         ; 446 / 622 ( 72 % )                       ;
; Total virtual pins                 ; 0                                        ;
; Total memory bits                  ; 16,384 / 1,152,000 ( 1 % )               ;
; Embedded Multiplier 9-bit elements ; 0 / 300 ( 0 % )                          ;
; Total PLLs                         ; 0 / 4 ( 0 % )                            ;
+------------------------------------+------------------------------------------+


+-----------------------------------------+
; Flow Settings                           ;
+-------------------+---------------------+
; Option            ; Setting             ;
+-------------------+---------------------+
; Start date & time ; 07/06/2017 07:16:35 ;
; Main task         ; Compilation         ;
; Revision Name     ; Uniciclo            ;
+-------------------+---------------------+


+------------------------------------------------------------------------------------------------------------------------------+
; Flow Non-Default Global Settings                                                                                             ;
+---------------------------------------+---------------------------------------+---------------+-------------+----------------+
; Assignment Name                       ; Value                                 ; Default Value ; Entity Name ; Section Id     ;
+---------------------------------------+---------------------------------------+---------------+-------------+----------------+
; COMPILER_SIGNATURE_ID                 ; 35719353701704.149933619403812        ; --            ; --          ; --             ;
; EDA_DESIGN_INSTANCE_NAME              ; i1                                    ; --            ; --          ; Uniciclo_tb    ;
; EDA_NATIVELINK_SIMULATION_TEST_BENCH  ; Uniciclo_tb                           ; --            ; --          ; eda_simulation ;
; EDA_OUTPUT_DATA_FORMAT                ; Vhdl                                  ; --            ; --          ; eda_simulation ;
; EDA_SIMULATION_TOOL                   ; ModelSim-Altera (VHDL)                ; <None>        ; --          ; --             ;
; EDA_TEST_BENCH_ENABLE_STATUS          ; TEST_BENCH_MODE                       ; --            ; --          ; eda_simulation ;
; EDA_TEST_BENCH_FILE                   ; Uniciclo_tb.vhd                       ; --            ; --          ; Uniciclo_tb    ;
; EDA_TEST_BENCH_MODULE_NAME            ; Uniciclo_tb                           ; --            ; --          ; Uniciclo_tb    ;
; EDA_TEST_BENCH_NAME                   ; Uniciclo_tb                           ; --            ; --          ; eda_simulation ;
; EDA_TEST_BENCH_RUN_SIM_FOR            ; 380 ps                                ; --            ; --          ; Uniciclo_tb    ;
; MAX_CORE_JUNCTION_TEMP                ; 85                                    ; --            ; --          ; --             ;
; MIN_CORE_JUNCTION_TEMP                ; 0                                     ; --            ; --          ; --             ;
; PARTITION_COLOR                       ; 16764057                              ; --            ; --          ; Top            ;
; PARTITION_FITTER_PRESERVATION_LEVEL   ; PLACEMENT_AND_ROUTING                 ; --            ; --          ; Top            ;
; PARTITION_NETLIST_TYPE                ; SOURCE                                ; --            ; --          ; Top            ;
; POWER_BOARD_THERMAL_MODEL             ; None (CONSERVATIVE)                   ; --            ; --          ; --             ;
; POWER_PRESET_COOLING_SOLUTION         ; 23 MM HEAT SINK WITH 200 LFPM AIRFLOW ; --            ; --          ; --             ;
; SYNCHRONIZATION_REGISTER_CHAIN_LENGTH ; 2                                     ; 3             ; --          ; --             ;
+---------------------------------------+---------------------------------------+---------------+-------------+----------------+


+-------------------------------------------------------------------------------------------------------------------------------+
; Flow Elapsed Time                                                                                                             ;
+---------------------------+--------------+-------------------------+---------------------+------------------------------------+
; Module Name               ; Elapsed Time ; Average Processors Used ; Peak Virtual Memory ; Total CPU Time (on all processors) ;
+---------------------------+--------------+-------------------------+---------------------+------------------------------------+
; Analysis & Synthesis      ; 00:00:50     ; 1.0                     ; 295 MB              ; 00:00:49                           ;
; Fitter                    ; 00:02:08     ; 1.0                     ; 437 MB              ; 00:02:07                           ;
; Assembler                 ; 00:00:21     ; 1.0                     ; 369 MB              ; 00:00:21                           ;
; TimeQuest Timing Analyzer ; 00:00:26     ; 1.0                     ; 298 MB              ; 00:00:25                           ;
; EDA Netlist Writer        ; 00:00:10     ; 1.0                     ; 240 MB              ; 00:00:10                           ;
; Total                     ; 00:03:55     ; --                      ; --                  ; 00:03:52                           ;
+---------------------------+--------------+-------------------------+---------------------+------------------------------------+


+----------------------------------------------------------------------------------------+
; Flow OS Summary                                                                        ;
+---------------------------+------------------+-----------+------------+----------------+
; Module Name               ; Machine Hostname ; OS Name   ; OS Version ; Processor type ;
+---------------------------+------------------+-----------+------------+----------------+
; Analysis & Synthesis      ; MyPC-PC          ; Windows 7 ; 6.1        ; x86_64         ;
; Fitter                    ; MyPC-PC          ; Windows 7 ; 6.1        ; x86_64         ;
; Assembler                 ; MyPC-PC          ; Windows 7 ; 6.1        ; x86_64         ;
; TimeQuest Timing Analyzer ; MyPC-PC          ; Windows 7 ; 6.1        ; x86_64         ;
; EDA Netlist Writer        ; MyPC-PC          ; Windows 7 ; 6.1        ; x86_64         ;
+---------------------------+------------------+-----------+------------+----------------+


------------
; Flow Log ;
------------
quartus_map --read_settings_files=on --write_settings_files=off Uniciclo -c Uniciclo
quartus_fit --read_settings_files=off --write_settings_files=off Uniciclo -c Uniciclo
quartus_asm --read_settings_files=off --write_settings_files=off Uniciclo -c Uniciclo
quartus_sta Uniciclo -c Uniciclo
quartus_eda --read_settings_files=off --write_settings_files=off Uniciclo -c Uniciclo



