EDA Netlist Writer report for mux_regdst
Sun Feb 05 00:58:33 2017
Quartus II 64-Bit Version 10.1 Build 153 11/29/2010 SJ Web Edition


---------------------
; Table of Contents ;
---------------------
  1. Legal Notice
  2. EDA Netlist Writer Summary
  3. Simulation Settings
  4. Simulation Generated Files
  5. EDA Netlist Writer Messages



----------------
; Legal Notice ;
----------------
Copyright (C) 1991-2010 Altera Corporation
Your use of Altera Corporation's design tools, logic functions 
and other software and tools, and its AMPP partner logic 
functions, and any output files from any of the foregoing 
(including device programming or simulation files), and any 
associated documentation or information are expressly subject 
to the terms and conditions of the Altera Program License 
Subscription Agreement, Altera MegaCore Function License 
Agreement, or other applicable license agreement, including, 
without limitation, that your use is for the sole purpose of 
programming logic devices manufactured by Altera and sold by 
Altera or its authorized distributors.  Please refer to the 
applicable agreement for further details.



+-------------------------------------------------------------------+
; EDA Netlist Writer Summary                                        ;
+---------------------------+---------------------------------------+
; EDA Netlist Writer Status ; Successful - Sun Feb 05 00:58:33 2017 ;
; Revision Name             ; mux_regdst                            ;
; Top-level Entity Name     ; mux_regdst                            ;
; Family                    ; Cyclone II                            ;
; Simulation Files Creation ; Successful                            ;
+---------------------------+---------------------------------------+


+----------------------------------------------------------------------------------------------------------------------------+
; Simulation Settings                                                                                                        ;
+---------------------------------------------------------------------------------------------------+------------------------+
; Option                                                                                            ; Setting                ;
+---------------------------------------------------------------------------------------------------+------------------------+
; Tool Name                                                                                         ; ModelSim-Altera (VHDL) ;
; Generate netlist for functional simulation only                                                   ; Off                    ;
; Time scale                                                                                        ; 1 ps                   ;
; Truncate long hierarchy paths                                                                     ; Off                    ;
; Map illegal HDL characters                                                                        ; Off                    ;
; Flatten buses into individual nodes                                                               ; Off                    ;
; Maintain hierarchy                                                                                ; Off                    ;
; Bring out device-wide set/reset signals as ports                                                  ; Off                    ;
; Enable glitch filtering                                                                           ; Off                    ;
; Do not write top level VHDL entity                                                                ; Off                    ;
; Disable detection of setup and hold time violations in the input registers of bi-directional pins ; Off                    ;
; Architecture name in VHDL output netlist                                                          ; structure              ;
; Generate third-party EDA tool command script for RTL functional simulation                        ; Off                    ;
; Generate third-party EDA tool command script for gate-level simulation                            ; Off                    ;
+---------------------------------------------------------------------------------------------------+------------------------+


+-----------------------------------------------------------------------------+
; Simulation Generated Files                                                  ;
+-----------------------------------------------------------------------------+
; Generated Files                                                             ;
+-----------------------------------------------------------------------------+
; C:/Users/MyPC/Desktop/muxRegDst/simulation/modelsim/mux_regdst.vho          ;
; C:/Users/MyPC/Desktop/muxRegDst/simulation/modelsim/mux_regdst_fast.vho     ;
; C:/Users/MyPC/Desktop/muxRegDst/simulation/modelsim/mux_regdst_vhd.sdo      ;
; C:/Users/MyPC/Desktop/muxRegDst/simulation/modelsim/mux_regdst_vhd_fast.sdo ;
+-----------------------------------------------------------------------------+


+-----------------------------+
; EDA Netlist Writer Messages ;
+-----------------------------+
Info: *******************************************************************
Info: Running Quartus II 64-Bit EDA Netlist Writer
    Info: Version 10.1 Build 153 11/29/2010 SJ Web Edition
    Info: Processing started: Sun Feb 05 00:58:32 2017
Info: Command: quartus_eda --read_settings_files=off --write_settings_files=off mux_regdst -c mux_regdst
Info: Generated simulation netlist will be non-hierarchical because the design has SignalTap II partitions, termination control logic and/or a design partition that contains bidirectional ports
Info: Generated files "mux_regdst.vho", "mux_regdst_fast.vho", "mux_regdst_vhd.sdo" and "mux_regdst_vhd_fast.sdo" in directory "C:/Users/MyPC/Desktop/muxRegDst/simulation/modelsim/" for EDA simulation tool
Info: Quartus II 64-Bit EDA Netlist Writer was successful. 0 errors, 0 warnings
    Info: Peak virtual memory: 271 megabytes
    Info: Processing ended: Sun Feb 05 00:58:33 2017
    Info: Elapsed time: 00:00:01
    Info: Total CPU time (on all processors): 00:00:01


