Flow report for ANDBne
Mon Feb 06 11:06:14 2017
Quartus II 64-Bit Version 10.1 Build 153 11/29/2010 SJ Web Edition


---------------------
; Table of Contents ;
---------------------
  1. Legal Notice
  2. Flow Summary
  3. Flow Settings
  4. Flow Non-Default Global Settings
  5. Flow Elapsed Time
  6. Flow OS Summary
  7. Flow Log



----------------
; Legal Notice ;
----------------
Copyright (C) 1991-2010 Altera Corporation
Your use of Altera Corporation's design tools, logic functions 
and other software and tools, and its AMPP partner logic 
functions, and any output files from any of the foregoing 
(including device programming or simulation files), and any 
associated documentation or information are expressly subject 
to the terms and conditions of the Altera Program License 
Subscription Agreement, Altera MegaCore Function License 
Agreement, or other applicable license agreement, including, 
without limitation, that your use is for the sole purpose of 
programming logic devices manufactured by Altera and sold by 
Altera or its authorized distributors.  Please refer to the 
applicable agreement for further details.



+-------------------------------------------------------------------------------+
; Flow Summary                                                                  ;
+------------------------------------+------------------------------------------+
; Flow Status                        ; Successful - Mon Feb 06 11:06:14 2017    ;
; Quartus II 64-Bit Version          ; 10.1 Build 153 11/29/2010 SJ Web Edition ;
; Revision Name                      ; ANDBne                                   ;
; Top-level Entity Name              ; ANDBne                                   ;
; Family                             ; Cyclone II                               ;
; Device                             ; EP2C70F896C6                             ;
; Timing Models                      ; Final                                    ;
; Total logic elements               ; 1 / 68,416 ( < 1 % )                     ;
;     Total combinational functions  ; 1 / 68,416 ( < 1 % )                     ;
;     Dedicated logic registers      ; 0 / 68,416 ( 0 % )                       ;
; Total registers                    ; 0                                        ;
; Total pins                         ; 3 / 622 ( < 1 % )                        ;
; Total virtual pins                 ; 0                                        ;
; Total memory bits                  ; 0 / 1,152,000 ( 0 % )                    ;
; Embedded Multiplier 9-bit elements ; 0 / 300 ( 0 % )                          ;
; Total PLLs                         ; 0 / 4 ( 0 % )                            ;
+------------------------------------+------------------------------------------+


+-----------------------------------------+
; Flow Settings                           ;
+-------------------+---------------------+
; Option            ; Setting             ;
+-------------------+---------------------+
; Start date & time ; 02/06/2017 11:05:48 ;
; Main task         ; Compilation         ;
; Revision Name     ; ANDBne              ;
+-------------------+---------------------+


+----------------------------------------------------------------------------------------------------------------------+
; Flow Non-Default Global Settings                                                                                     ;
+--------------------------------------+--------------------------------+---------------+-------------+----------------+
; Assignment Name                      ; Value                          ; Default Value ; Entity Name ; Section Id     ;
+--------------------------------------+--------------------------------+---------------+-------------+----------------+
; COMPILER_SIGNATURE_ID                ; 35719353701704.148638634805948 ; --            ; --          ; --             ;
; EDA_DESIGN_INSTANCE_NAME             ; i3                             ; --            ; --          ; ANDBne_tb      ;
; EDA_NATIVELINK_SIMULATION_TEST_BENCH ; ANDBne_tb                      ; --            ; --          ; eda_simulation ;
; EDA_OUTPUT_DATA_FORMAT               ; Vhdl                           ; --            ; --          ; eda_simulation ;
; EDA_SIMULATION_TOOL                  ; ModelSim-Altera (VHDL)         ; <None>        ; --          ; --             ;
; EDA_TEST_BENCH_ENABLE_STATUS         ; TEST_BENCH_MODE                ; --            ; --          ; eda_simulation ;
; EDA_TEST_BENCH_FILE                  ; ANDBne_tb.vhd                  ; --            ; --          ; ANDBne_tb      ;
; EDA_TEST_BENCH_MODULE_NAME           ; ANDBne_tb                      ; --            ; --          ; ANDBne_tb      ;
; EDA_TEST_BENCH_NAME                  ; ANDBne_tb                      ; --            ; --          ; eda_simulation ;
; EDA_TEST_BENCH_RUN_SIM_FOR           ; 5120 ns                        ; --            ; --          ; ANDBne_tb      ;
; MAX_CORE_JUNCTION_TEMP               ; 85                             ; --            ; --          ; --             ;
; MIN_CORE_JUNCTION_TEMP               ; 0                              ; --            ; --          ; --             ;
; PARTITION_COLOR                      ; 16764057                       ; --            ; --          ; Top            ;
; PARTITION_FITTER_PRESERVATION_LEVEL  ; PLACEMENT_AND_ROUTING          ; --            ; --          ; Top            ;
; PARTITION_NETLIST_TYPE               ; SOURCE                         ; --            ; --          ; Top            ;
+--------------------------------------+--------------------------------+---------------+-------------+----------------+


+-------------------------------------------------------------------------------------------------------------------------------+
; Flow Elapsed Time                                                                                                             ;
+---------------------------+--------------+-------------------------+---------------------+------------------------------------+
; Module Name               ; Elapsed Time ; Average Processors Used ; Peak Virtual Memory ; Total CPU Time (on all processors) ;
+---------------------------+--------------+-------------------------+---------------------+------------------------------------+
; Analysis & Synthesis      ; 00:00:02     ; 1.0                     ; 350 MB              ; 00:00:02                           ;
; Fitter                    ; 00:00:14     ; 1.0                     ; 511 MB              ; 00:00:14                           ;
; TimeQuest Timing Analyzer ; 00:00:02     ; 1.0                     ; 352 MB              ; 00:00:02                           ;
; Assembler                 ; 00:00:07     ; 1.0                     ; 441 MB              ; 00:00:07                           ;
; EDA Netlist Writer        ; 00:00:00     ; 1.0                     ; 258 MB              ; 00:00:01                           ;
; Total                     ; 00:00:25     ; --                      ; --                  ; 00:00:26                           ;
+---------------------------+--------------+-------------------------+---------------------+------------------------------------+


+----------------------------------------------------------------------------------------+
; Flow OS Summary                                                                        ;
+---------------------------+------------------+-----------+------------+----------------+
; Module Name               ; Machine Hostname ; OS Name   ; OS Version ; Processor type ;
+---------------------------+------------------+-----------+------------+----------------+
; Analysis & Synthesis      ; MyPC-PC          ; Windows 7 ; 6.1        ; x86_64         ;
; Fitter                    ; MyPC-PC          ; Windows 7 ; 6.1        ; x86_64         ;
; TimeQuest Timing Analyzer ; MyPC-PC          ; Windows 7 ; 6.1        ; x86_64         ;
; Assembler                 ; MyPC-PC          ; Windows 7 ; 6.1        ; x86_64         ;
; EDA Netlist Writer        ; MyPC-PC          ; Windows 7 ; 6.1        ; x86_64         ;
+---------------------------+------------------+-----------+------------+----------------+


------------
; Flow Log ;
------------
quartus_map --read_settings_files=on --write_settings_files=off ANDBne -c ANDBne
quartus_fit --read_settings_files=off --write_settings_files=off ANDBne -c ANDBne
quartus_sta ANDBne -c ANDBne
quartus_asm --read_settings_files=off --write_settings_files=off ANDBne -c ANDBne
quartus_eda --read_settings_files=off --write_settings_files=off ANDBne -c ANDBne



